D:\VSCode\Truffle\MetaCoin>ganache-cli
Ganache CLI v6.12.2 (ganache-core: 2.13.2)
eth_blockNumber

Available Accounts
==================
(0) 0x846Da2969089c21F3760b9B96aeBf7C306d8f4c3 (100 ETH)
(1) 0x4F332aE3235684a1b9e56fd34C604A0E90B62506 (100 ETH)
(2) 0x2f8a8B7FD02F33B9A25c492F5FB68d6B31eab6a3 (100 ETH)
(3) 0x7B22689F79BecB3b3C5A58Cd563bF55A9b0489Ab (100 ETH)
(4) 0x3a9F342992Cecca2cE8f75AeA38F4D03D947c319 (100 ETH)
(5) 0x564e06F9e30BFB1a0336BE5ce2BA9a62Bc02eE00 (100 ETH)
(6) 0x297bDc93bd15823bd5C06FBf5d0A1850775d0F69 (100 ETH)
(7) 0xf7cdBFDcD57a3e2F7a812f416BAD5A22B3309F32 (100 ETH)
(8) 0x5054e8E90808457Dab47Ba977a0d7fE31B2D2a86 (100 ETH)
(9) 0x36C8Dd82f6c55B384A8668227b98A38aEDC8c8f2 (100 ETH)

Private Keys
==================
(0) 0xf788b9e87185f46c42fe6bf66b07c53ebc57043da5f3da8510a2cd1689f13ee0
(1) 0x3414bf7739810f5ae99d07ff79ff80d160d6581264ab506cbd57a6340d92cdba
(2) 0x868cd2390c2a1db4579450b9fa5bd057e5003087a003430f8d243e4f5941de83
(3) 0x7764f8ca81131182d94869df21d8291a3319b229b7149b4688650c6ea0178175
(4) 0xb39a773c16f2ab4617cf3b8dd462ea03b85e7d46953cb61ea8efdfe3c46d48d8
(5) 0x1f11889a3e229d38dda7b1e89e001027d8a31ed26eed4bf9ef619c2c6d39bc44
(6) 0x5b8c562de240f5fdd2b8686f05683f56fceb00a1a9d742adb1e297da43bdbdc3
(7) 0x435e556087055641ad97ebb73b77a84d2295a95aa8a5cf066cb74482e35cc71f
(8) 0xe873e350a41b9914f120fe22f4ffb39c787317f00a63d6c6daaa8972c9898d58
(9) 0x2faceaa6bc95ff7329e4629431bceb3d9a83d2a7f95dfc8af866cca0bf2c347c

HD Wallet
==================
Mnemonic:      ordinary exit price gather rack member napkin puppy mystery carry diagram cook
Base HD Path:  m/44'/60'/0'/0/{account_index}

Gas Price
==================
20000000000

Gas Limit
==================
6721975

Call Gas Limit
==================
9007199254740991

Listening on 127.0.0.1:8545
eth_blockNumber
net_version
eth_accounts
eth_blockNumber
net_version
eth_accounts
eth_getBlockByNumber
eth_accounts
net_version
eth_getBlockByNumber
eth_getBlockByNumber
net_version
eth_getBlockByNumber
eth_estimateGas
net_version
eth_blockNumber
eth_getBlockByNumber
eth_estimateGas
eth_getBlockByNumber
eth_gasPrice
eth_sendTransaction

  Transaction: 0x3728f13bc89bc646f3377e82d875cae7eb16b12a43017f03ac40eda1bd2e8005
  Contract created: 0x3a7ec3a5826c02adca5ff367998c19b5df9b0d8c
  Gas usage: 635667
  Block Number: 1
  Block Time: Thu May 04 2023 03:05:44 GMT+0800 (中国标准时间)

eth_getTransactionReceipt
eth_getCode
eth_getBlockByNumber
eth_accounts
eth_getBlockByNumber
eth_getBlockByNumber
eth_getBlockByNumber
eth_estimateGas
eth_getBlockByNumber
eth_blockNumber
eth_estimateGas
eth_getBlockByNumber
eth_gasPrice
eth_sendTransaction

  Transaction: 0xfb785a6cd0e8b08ee7f3066a28f2f0f0663ffa474fdbf750951c4834a205c5e3
  Contract created: 0xbc6498c51a0378ef003b5fb3d0d87a7527a06b52
  Gas usage: 635667
  Block Number: 2
  Block Time: Thu May 04 2023 03:05:45 GMT+0800 (中国标准时间)

eth_getTransactionReceipt
eth_getCode
evm_snapshot
eth_getBlockByNumber
eth_getBlockByNumber
Saved snapshot #1
eth_getBlockByNumber
net_version
eth_getBlockByNumber
eth_getBlockByNumber
eth_getBlockByNumber
net_version
eth_blockNumber
eth_getBlockByNumber
eth_estimateGas
net_version
eth_blockNumber
eth_getBlockByNumber
eth_estimateGas
eth_getBlockByNumber
eth_gasPrice
eth_sendTransaction

  Transaction: 0xcc6f7af3fe51ef1220f4668665cd77f93b3617971ebad0d91a0e8d23a5deab7f
  Contract created: 0xef544bc34b15e40853f09bd274515b9238a10dd2
  Gas usage: 72217
  Block Number: 3
  Block Time: Thu May 04 2023 03:05:49 GMT+0800 (中国标准时间)

eth_getTransactionReceipt
eth_getCode
net_version
eth_getBlockByNumber
eth_getBlockByNumber
net_version
eth_getBlockByNumber
eth_getBlockByNumber
eth_getBlockByNumber
eth_estimateGas
eth_getBlockByNumber
eth_getBlockByNumber
net_version
eth_blockNumber
eth_getBlockByNumber
eth_estimateGas
eth_getBlockByNumber
eth_gasPrice
eth_sendTransaction

  Transaction: 0x6889514bbbe1fd75aadaa6fa44c9cc31e69363a2f8bb9c496edc1cc0623ad080
  Contract created: 0x50ccf1b4f5df33d653a09a8ab655756d33526b1e
  Gas usage: 262175
  Block Number: 4
  Block Time: Thu May 04 2023 03:05:50 GMT+0800 (中国标准时间)

eth_getTransactionReceipt
eth_getCode
net_version
eth_getBlockByNumber
eth_getBlockByNumber
net_version
eth_getBlockByNumber
eth_estimateGas
net_version
eth_blockNumber
eth_getBlockByNumber
eth_estimateGas
eth_getBlockByNumber
eth_gasPrice
eth_sendTransaction
eth_getBlockByNumber

  Transaction: 0xd029a6c38f4ec1027d1ef6a296b7cfc014515b0c031482eadf08b5315331ba0f
  Contract created: 0xae14c5d4ea66401a4f329955fa86657748656940
  Gas usage: 809127
  Block Number: 5
  Block Time: Thu May 04 2023 03:05:50 GMT+0800 (中国标准时间)

eth_getTransactionReceipt
eth_getBlockByNumber
eth_getCode
net_version
eth_getBlockByNumber
eth_getBlockByNumber
eth_getBlockByNumber
eth_getBlockByNumber
net_version
eth_getBlockByNumber
eth_getBlockByNumber
eth_getBlockByNumber
eth_estimateGas
net_version
eth_blockNumber
eth_getBlockByNumber
eth_estimateGas
eth_getBlockByNumber
eth_gasPrice
eth_sendTransaction

  Transaction: 0x8ae13fb3874c490cef3a610980e95e578d4e7027c5199f094cc9b425b46d29b1
  Contract created: 0xc43176c87a245f47c75eca504baa4e0420ccf224
  Gas usage: 260216
  Block Number: 6
  Block Time: Thu May 04 2023 03:05:51 GMT+0800 (中国标准时间)

eth_getTransactionReceipt
eth_getCode
net_version
eth_getBlockByNumber
eth_getBlockByNumber
net_version
eth_getBlockByNumber
eth_estimateGas
eth_getBlockByNumber
net_version
eth_blockNumber
eth_getBlockByNumber
eth_getBlockByNumber
eth_estimateGas
eth_getBlockByNumber
eth_gasPrice
eth_sendTransaction
eth_getBlockByNumber
eth_getBlockByNumber

  Transaction: 0x2b1a960b3ecfe2b91867f74fe2a3ac8d7a1b5067a72d340f15802f64efa2c58f
  Contract created: 0x02dee1e0c20f62ebb812b07d0c9a3f2f9e827012
  Gas usage: 674195
  Block Number: 7
  Block Time: Thu May 04 2023 03:05:52 GMT+0800 (中国标准时间)

eth_getTransactionReceipt
eth_getBlockByNumber
eth_getBlockByNumber
eth_getBlockByNumber
eth_getCode
eth_getBlockByNumber
eth_getBlockByNumber
net_version
eth_getBlockByNumber
eth_getBlockByNumber
eth_getBlockByNumber
net_version
eth_getBlockByNumber
eth_estimateGas
net_version
eth_blockNumber
eth_getBlockByNumber
eth_estimateGas
eth_getBlockByNumber
eth_getBlockByNumber
eth_gasPrice
eth_getBlockByNumber
eth_sendTransaction
eth_getBlockByNumber

  Transaction: 0xd7383159d21c5e31b760c25af1b2fbe7fba5b41a3f2210301266c2cb548cacb2
  Contract created: 0x71eb7b68e1f5d20b81a4bb88b9ddeaa398ad1028
  Gas usage: 242477
  Block Number: 8
  Block Time: Thu May 04 2023 03:05:52 GMT+0800 (中国标准时间)

eth_getTransactionReceipt
eth_getBlockByNumber
eth_getCode
net_version
eth_getBlockByNumber
eth_getBlockByNumber
net_version
eth_getBlockByNumber
eth_estimateGas
net_version
eth_blockNumber
eth_getBlockByNumber
eth_estimateGas
eth_getBlockByNumber
eth_getBlockByNumber
eth_getBlockByNumber
eth_gasPrice
eth_getBlockByNumber
eth_getBlockByNumber
eth_sendTransaction
eth_getBlockByNumber
eth_getBlockByNumber
eth_getBlockByNumber

  Transaction: 0x62d65ab2cd5b228f6dc8abd19fca333f3e5eddce8bae44e53b269771ffda72e2
  Contract created: 0xc0dc35f1ab14fa925ff275f5355e96c8506805c9
  Gas usage: 795698
  Block Number: 9
  Block Time: Thu May 04 2023 03:05:53 GMT+0800 (中国标准时间)

eth_getTransactionReceipt
eth_getBlockByNumber
eth_getBlockByNumber
eth_getBlockByNumber
eth_getCode
net_version
eth_getBlockByNumber
eth_getBlockByNumber
net_version
eth_getBlockByNumber
eth_estimateGas
net_version
eth_blockNumber
eth_getBlockByNumber
eth_estimateGas
eth_getBlockByNumber
eth_getBlockByNumber
eth_gasPrice
eth_getBlockByNumber
eth_getBlockByNumber
eth_sendTransaction
eth_getBlockByNumber
eth_getBlockByNumber

  Transaction: 0xb3e4cc608a00395fcc082059c8ee89ae643a6f83b60503522acccdc41f9698b2
  Contract created: 0x040ff29ee8dc1f63b99e252848286f7ac819523b
  Gas usage: 181246
  Block Number: 10
  Block Time: Thu May 04 2023 03:05:53 GMT+0800 (中国标准时间)

eth_getTransactionReceipt
eth_getBlockByNumber
eth_getCode
net_version
eth_getBlockByNumber
eth_getBlockByNumber
net_version
eth_getBlockByNumber
eth_estimateGas
net_version
eth_blockNumber
eth_getBlockByNumber
eth_estimateGas
eth_getBlockByNumber
eth_getBlockByNumber
eth_getBlockByNumber
eth_getBlockByNumber
eth_getBlockByNumber
eth_getBlockByNumber
eth_gasPrice
eth_getBlockByNumber
eth_getBlockByNumber
eth_getBlockByNumber
eth_getBlockByNumber
eth_getBlockByNumber
eth_sendTransaction
eth_getBlockByNumber

  Transaction: 0x4f0835c562ab8c26b7cf3e97813af1fba74f2c3df2856db02352eab6f3d23cdb
  Contract created: 0x1b28de8e218f4cdd2394172e1a1402b62be59143
  Gas usage: 928433
  Block Number: 11
  Block Time: Thu May 04 2023 03:05:54 GMT+0800 (中国标准时间)

eth_getTransactionReceipt
eth_getBlockByNumber
eth_getCode
net_version
eth_getBlockByNumber
eth_getBlockByNumber
net_version
eth_getBlockByNumber
eth_estimateGas
net_version
eth_blockNumber
eth_getBlockByNumber
eth_estimateGas
eth_getBlockByNumber
eth_getBlockByNumber
eth_getBlockByNumber
eth_gasPrice
eth_getBlockByNumber
eth_getBlockByNumber
eth_sendTransaction
eth_getBlockByNumber
eth_getBlockByNumber

  Transaction: 0x9d3bb0af932d7a8e2f0877cfe6de9b8596dfb4aae0cc7554ac6b80b48495534a
  Contract created: 0x47293cf8945b0fc55e49d175bc861f5342840095
  Gas usage: 795722
  Block Number: 12
  Block Time: Thu May 04 2023 03:05:54 GMT+0800 (中国标准时间)

eth_getTransactionReceipt
eth_getBlockByNumber
eth_getBlockByNumber
eth_getCode
net_version
eth_getBlockByNumber
eth_getBlockByNumber
net_version
eth_getBlockByNumber
eth_estimateGas
eth_getBlockByNumber
eth_getBlockByNumber
net_version
eth_blockNumber
eth_getBlockByNumber
eth_getBlockByNumber
eth_getBlockByNumber
eth_estimateGas
eth_getBlockByNumber
eth_getBlockByNumber
eth_getBlockByNumber
eth_getBlockByNumber
eth_gasPrice
eth_getBlockByNumber
eth_getBlockByNumber
eth_getBlockByNumber
eth_getBlockByNumber
eth_sendTransaction
eth_getBlockByNumber
eth_getBlockByNumber

  Transaction: 0xd3beb761385709cada562c0d53e73ee40c98e4e5537185876e155e3b9ccd4630
  Contract created: 0x9cd3384448bcfb0af836ebf21c5d6db87fc18f90
  Gas usage: 750873
  Block Number: 13
  Block Time: Thu May 04 2023 03:05:55 GMT+0800 (中国标准时间)

eth_getTransactionReceipt
eth_getBlockByNumber
eth_getCode
net_version
eth_getBlockByNumber
eth_getBlockByNumber
net_version
eth_getBlockByNumber
eth_estimateGas
eth_getBlockByNumber
eth_getBlockByNumber
eth_getBlockByNumber
net_version
eth_blockNumber
eth_getBlockByNumber
eth_getBlockByNumber
eth_getBlockByNumber
eth_getBlockByNumber
eth_getBlockByNumber
eth_estimateGas
eth_getBlockByNumber
eth_getBlockByNumber
eth_getBlockByNumber
eth_gasPrice
eth_getBlockByNumber
eth_sendTransaction
eth_getBlockByNumber
eth_getBlockByNumber
eth_getBlockByNumber
eth_getBlockByNumber
eth_getBlockByNumber

  Transaction: 0xbe435a87fe1c0c5d444215d3f570a16b86067a83db6a7f9d296c0db82c1e75cb
  Contract created: 0x7b22686ea04dcb4a4466fc369e44bf31726748c1
  Gas usage: 884594
  Block Number: 14
  Block Time: Thu May 04 2023 03:05:56 GMT+0800 (中国标准时间)

eth_getTransactionReceipt
eth_getBlockByNumber
eth_getBlockByNumber
eth_getBlockByNumber
eth_getBlockByNumber
eth_getBlockByNumber
eth_getCode
eth_getBlockByNumber
net_version
eth_getBlockByNumber
eth_getBlockByNumber
eth_getBlockByNumber
net_version
eth_getBlockByNumber
eth_getBlockByNumber
eth_getBlockByNumber
eth_estimateGas
eth_getBlockByNumber
net_version
eth_blockNumber
eth_getBlockByNumber
eth_getBlockByNumber
eth_estimateGas
eth_getBlockByNumber
eth_getBlockByNumber
eth_gasPrice
eth_getBlockByNumber
eth_getBlockByNumber
eth_sendTransaction
eth_getBlockByNumber
eth_getBlockByNumber

  Transaction: 0x434de469afaebc3540ec4f9a80c594db76f13babf59e061e8050c70b6df0dbce
  Contract created: 0x1d4aa7b094e6fdd8e34dcc625924bd94ccffa539
  Gas usage: 795722
  Block Number: 15
  Block Time: Thu May 04 2023 03:05:56 GMT+0800 (中国标准时间)

eth_getBlockByNumber
eth_getTransactionReceipt
eth_getBlockByNumber
eth_getBlockByNumber
eth_getCode
eth_getBlockByNumber
net_version
eth_getBlockByNumber
eth_getBlockByNumber
eth_getBlockByNumber
net_version
eth_getBlockByNumber
eth_estimateGas
net_version
eth_blockNumber
eth_getBlockByNumber
eth_estimateGas
eth_getBlockByNumber
eth_getBlockByNumber
eth_getBlockByNumber
eth_getBlockByNumber
eth_getBlockByNumber
eth_getBlockByNumber
eth_gasPrice
eth_getBlockByNumber
eth_getBlockByNumber
eth_getBlockByNumber
eth_getBlockByNumber
eth_getBlockByNumber
eth_sendTransaction
eth_getBlockByNumber
eth_getBlockByNumber
eth_getBlockByNumber

  Transaction: 0x28001a91f112f647a74574bfea99aff6e13f6c008918d580ad6bd65e47c24f27
  Contract created: 0xc2fa784e51bd8160970e3cf9cb5301fee248fc18
  Gas usage: 95958
  Block Number: 16
  Block Time: Thu May 04 2023 03:05:57 GMT+0800 (中国标准时间)

eth_getTransactionReceipt
eth_getBlockByNumber
eth_getBlockByNumber
eth_getBlockByNumber
eth_getCode
net_version
eth_getBlockByNumber
eth_getBlockByNumber
eth_getBlockByNumber
net_version
eth_getBlockByNumber
eth_getBlockByNumber
eth_estimateGas
eth_getBlockByNumber
net_version
eth_blockNumber
eth_getBlockByNumber
eth_getBlockByNumber
eth_estimateGas
eth_getBlockByNumber
eth_getBlockByNumber
eth_gasPrice
eth_getBlockByNumber
eth_getBlockByNumber
eth_sendTransaction
eth_getBlockByNumber

  Transaction: 0x7625dd8e85a66cb7ff61d2ade3c31225b65d703e27c167bb022eff43ecf8c0f7
  Contract created: 0xd192a670f82f5e94461cfba069226810b38a9eac
  Gas usage: 72205
  Block Number: 17
  Block Time: Thu May 04 2023 03:05:57 GMT+0800 (中国标准时间)

eth_getTransactionReceipt
eth_getBlockByNumber
eth_getCode
eth_getBlockByNumber
eth_getBlockByNumber
eth_getBlockByNumber
eth_blockNumber
eth_blockNumber
eth_blockNumber
eth_blockNumber
net_version
eth_accounts
eth_blockNumber
net_version
eth_accounts
eth_getBlockByNumber
eth_accounts
net_version
eth_getBlockByNumber
eth_getBlockByNumber
net_version
eth_getBlockByNumber
eth_estimateGas
net_version
eth_blockNumber
eth_getBlockByNumber
eth_estimateGas
eth_getBlockByNumber
eth_gasPrice
eth_sendTransaction

  Transaction: 0xc56a11ffe838939d84776e14af120a1a7a12425d837505a5d46913c39a24d7d1
  Contract created: 0xf6399038ea7fe23b20e1f897fff1255f33cdc8ec
  Gas usage: 635667
  Block Number: 18
  Block Time: Thu May 04 2023 03:07:07 GMT+0800 (中国标准时间)

eth_getTransactionReceipt
eth_getCode
eth_getBlockByNumber
eth_accounts
eth_getBlockByNumber
eth_getBlockByNumber
eth_getBlockByNumber
eth_estimateGas
eth_getBlockByNumber
eth_blockNumber
eth_estimateGas
eth_getBlockByNumber
eth_gasPrice
eth_sendTransaction

  Transaction: 0xf0249f5378f4e8c5b7e8389a8695475db5b0d1cd911b63306026da603a3a4ffe
  Contract created: 0x8e4776d520f47d33faa697ef0b1754693eeb8840
  Gas usage: 635667
  Block Number: 19
  Block Time: Thu May 04 2023 03:07:08 GMT+0800 (中国标准时间)

eth_getTransactionReceipt
eth_getCode
eth_getBlockByNumber
eth_blockNumber
evm_snapshot
eth_getBlockByNumber
Saved snapshot #2
eth_getBlockByNumber
eth_getBlockByNumber
eth_getBlockByNumber
net_version
eth_getBlockByNumber
eth_getBlockByNumber
eth_getBlockByNumber
net_version
eth_getBlockByNumber
eth_estimateGas
net_version
eth_blockNumber
eth_getBlockByNumber
eth_estimateGas
eth_getBlockByNumber
eth_gasPrice
eth_sendTransaction

  Transaction: 0xa8e8d90e7136529112eb545087cf80bc409feff3213903c18ca9f18d2c25ea57
  Contract created: 0x08ea63cd9fcfbdbcc099435a1a3ac0ea1bf12b1b
  Gas usage: 72217
  Block Number: 20
  Block Time: Thu May 04 2023 03:07:13 GMT+0800 (中国标准时间)

eth_getTransactionReceipt
eth_getCode
net_version
eth_getBlockByNumber
eth_getBlockByNumber
net_version
eth_getBlockByNumber
eth_getBlockByNumber
eth_getBlockByNumber
eth_estimateGas
eth_getBlockByNumber
eth_getBlockByNumber
net_version
eth_blockNumber
eth_getBlockByNumber
eth_estimateGas
eth_getBlockByNumber
eth_gasPrice
eth_sendTransaction

  Transaction: 0x69d0cea3d66da881ea67e77f09c5e842765524c7c29355a4a316d3b6653d3314
  Contract created: 0xbab9368977002f071c5d8dfc181e28759a2d480b
  Gas usage: 262175
  Block Number: 21
  Block Time: Thu May 04 2023 03:07:13 GMT+0800 (中国标准时间)

eth_getTransactionReceipt
eth_getCode
net_version
eth_getBlockByNumber
eth_getBlockByNumber
net_version
eth_getBlockByNumber
eth_estimateGas
net_version
eth_blockNumber
eth_getBlockByNumber
eth_estimateGas
eth_getBlockByNumber
eth_gasPrice
eth_sendTransaction
eth_getBlockByNumber
eth_getBlockByNumber
eth_getBlockByNumber

  Transaction: 0xa283dee092ba94bb023719787a59cafd30927ccb6730148f027e1ba0b852123c
  Contract created: 0x68cdde76aeceaaa705afe0bba051825056d5af09
  Gas usage: 809127
  Block Number: 22
  Block Time: Thu May 04 2023 03:07:14 GMT+0800 (中国标准时间)

eth_getTransactionReceipt
eth_getBlockByNumber
eth_getBlockByNumber
eth_getBlockByNumber
eth_getCode
net_version
eth_getBlockByNumber
eth_getBlockByNumber
net_version
eth_getBlockByNumber
eth_estimateGas
net_version
eth_blockNumber
eth_getBlockByNumber
eth_estimateGas
eth_getBlockByNumber
eth_getBlockByNumber
eth_gasPrice
eth_getBlockByNumber
eth_sendTransaction

  Transaction: 0x7748145d4e40d9f96678b192e62a3116940c9b641dd4c6ebd1ff28c155c1019f
  Contract created: 0x9fa49c75735a5ad5d407f23f7b51790dc6af4d79
  Gas usage: 260216
  Block Number: 23
  Block Time: Thu May 04 2023 03:07:14 GMT+0800 (中国标准时间)

eth_getTransactionReceipt
eth_getCode
net_version
eth_getBlockByNumber
eth_getBlockByNumber
net_version
eth_getBlockByNumber
eth_estimateGas
eth_getBlockByNumber
net_version
eth_blockNumber
eth_getBlockByNumber
eth_getBlockByNumber
eth_estimateGas
eth_getBlockByNumber
eth_getBlockByNumber
eth_getBlockByNumber
eth_getBlockByNumber
eth_gasPrice
eth_getBlockByNumber
eth_getBlockByNumber
eth_getBlockByNumber
eth_sendTransaction

  Transaction: 0xf61864cbbf25c75a2679dbafd79b1eb195792bff6311a1453ecfbe967adff8c7
  Contract created: 0xb5f84ef32a7b58214650a44fff7ff2eedbef71db
  Gas usage: 674195
  Block Number: 24
  Block Time: Thu May 04 2023 03:07:15 GMT+0800 (中国标准时间)

eth_getTransactionReceipt
eth_getCode
net_version
eth_getBlockByNumber
eth_getBlockByNumber
net_version
eth_getBlockByNumber
eth_estimateGas
eth_getBlockByNumber
net_version
eth_blockNumber
eth_getBlockByNumber
eth_getBlockByNumber
eth_estimateGas
eth_getBlockByNumber
eth_getBlockByNumber
eth_gasPrice
eth_getBlockByNumber
eth_sendTransaction

  Transaction: 0x33d81e735c2975953ed88725a81194486ccede3f0e3a22b08baa847f6bc44e97
  Contract created: 0x4520d855f548503b36813ce28dac8d38bf5f76d9
  Gas usage: 242477
  Block Number: 25
  Block Time: Thu May 04 2023 03:07:16 GMT+0800 (中国标准时间)

eth_getTransactionReceipt
eth_getCode
net_version
eth_getBlockByNumber
eth_getBlockByNumber
net_version
eth_getBlockByNumber
eth_estimateGas
eth_getBlockByNumber
eth_getBlockByNumber
eth_getBlockByNumber
net_version
eth_blockNumber
eth_getBlockByNumber
eth_getBlockByNumber
eth_getBlockByNumber
eth_getBlockByNumber
eth_getBlockByNumber
eth_getBlockByNumber
eth_estimateGas
eth_getBlockByNumber
eth_gasPrice
eth_sendTransaction

  Transaction: 0x5dba9b95bfa1adb141edc3b103e3b641e6a2078661dc2234a80f695352ddf17e
  Contract created: 0x57349976c41f7976a64835224908e77bac89dc32
  Gas usage: 795698
  Block Number: 26
  Block Time: Thu May 04 2023 03:07:16 GMT+0800 (中国标准时间)

eth_getTransactionReceipt
eth_getCode
eth_getBlockByNumber
net_version
eth_getBlockByNumber
eth_getBlockByNumber
eth_getBlockByNumber
net_version
eth_getBlockByNumber
eth_estimateGas
eth_getBlockByNumber
net_version
eth_blockNumber
eth_getBlockByNumber
eth_getBlockByNumber
eth_estimateGas
eth_getBlockByNumber
eth_getBlockByNumber
eth_gasPrice
eth_getBlockByNumber
eth_sendTransaction
eth_getBlockByNumber

  Transaction: 0x7a20cd22d1181b89798f8c1307acdc6ad100a590cce720cd79585208fcf320d2
  Contract created: 0xf80a5e9bb5d5bae0b0eca056b8b1c038f7bb8508
  Gas usage: 181246
  Block Number: 27
  Block Time: Thu May 04 2023 03:07:17 GMT+0800 (中国标准时间)

eth_getTransactionReceipt
eth_getBlockByNumber
eth_getCode
net_version
eth_getBlockByNumber
eth_getBlockByNumber
eth_getBlockByNumber
net_version
eth_getBlockByNumber
eth_getBlockByNumber
eth_estimateGas
eth_getBlockByNumber
eth_getBlockByNumber
eth_getBlockByNumber
net_version
eth_blockNumber
eth_getBlockByNumber
eth_getBlockByNumber
eth_getBlockByNumber
eth_getBlockByNumber
eth_estimateGas
eth_getBlockByNumber
eth_gasPrice
eth_getBlockByNumber
eth_getBlockByNumber
eth_sendTransaction
eth_getBlockByNumber
eth_getBlockByNumber

  Transaction: 0x34a3f10331f96c33f5a3236256dbf6891cc70ff8efeed77d11feba251ed7732f
  Contract created: 0x3ef398105409cc2e9d35c3ab6d4c39d4cc632182
  Gas usage: 928433
  Block Number: 28
  Block Time: Thu May 04 2023 03:07:17 GMT+0800 (中国标准时间)

eth_getTransactionReceipt
eth_getBlockByNumber
eth_getCode
eth_getBlockByNumber
net_version
eth_getBlockByNumber
eth_getBlockByNumber
net_version
eth_getBlockByNumber
eth_estimateGas
eth_getBlockByNumber
net_version
eth_blockNumber
eth_getBlockByNumber
eth_getBlockByNumber
eth_getBlockByNumber
eth_estimateGas
eth_getBlockByNumber
eth_getBlockByNumber
eth_getBlockByNumber
eth_gasPrice
eth_getBlockByNumber
eth_sendTransaction
eth_getBlockByNumber
eth_getBlockByNumber
eth_getBlockByNumber

  Transaction: 0x2d0ed38bb2578dd809446b2e6a5d8aadc0c454c88e8373ad1e713fd40801583f
  Contract created: 0x11e9d6c43026ef0357f44dd3ec476800df340b89
  Gas usage: 795722
  Block Number: 29
  Block Time: Thu May 04 2023 03:07:18 GMT+0800 (中国标准时间)

eth_getTransactionReceipt
eth_getBlockByNumber
eth_getBlockByNumber
eth_getBlockByNumber
eth_getBlockByNumber
eth_getCode
eth_getBlockByNumber
net_version
eth_getBlockByNumber
eth_getBlockByNumber
net_version
eth_getBlockByNumber
eth_estimateGas
eth_getBlockByNumber
eth_getBlockByNumber
net_version
eth_blockNumber
eth_getBlockByNumber
eth_getBlockByNumber
eth_getBlockByNumber
eth_estimateGas
eth_getBlockByNumber
eth_getBlockByNumber
eth_getBlockByNumber
eth_gasPrice
eth_getBlockByNumber
eth_getBlockByNumber
eth_sendTransaction
eth_getBlockByNumber

  Transaction: 0x3bf857b1db93cb8398fe4d1355791a1bb32e3936abd68646c37e8e083074f58f
  Contract created: 0x013928546eb85326d3c6064fcd4e17a0f5453d3f
  Gas usage: 750873
  Block Number: 30
  Block Time: Thu May 04 2023 03:07:18 GMT+0800 (中国标准时间)

eth_getTransactionReceipt
eth_getBlockByNumber
eth_getCode
net_version
eth_getBlockByNumber
eth_getBlockByNumber
eth_getBlockByNumber
eth_getBlockByNumber
net_version
eth_getBlockByNumber
eth_estimateGas
eth_getBlockByNumber
net_version
eth_blockNumber
eth_getBlockByNumber
eth_getBlockByNumber
eth_getBlockByNumber
eth_estimateGas
eth_getBlockByNumber
eth_getBlockByNumber
eth_getBlockByNumber
eth_getBlockByNumber
eth_getBlockByNumber
eth_getBlockByNumber
eth_gasPrice
eth_getBlockByNumber
eth_getBlockByNumber
eth_getBlockByNumber
eth_getBlockByNumber
eth_sendTransaction

  Transaction: 0x0f2b8d327897c815feeab057f8bcd6f28601884de04d7d91c3480669556e691c
  Contract created: 0x2d3fd33b4ef2c56d22461181fbfd5f24b4c4fd65
  Gas usage: 884594
  Block Number: 31
  Block Time: Thu May 04 2023 03:07:19 GMT+0800 (中国标准时间)

eth_getTransactionReceipt
eth_getCode
net_version
eth_getBlockByNumber
eth_getBlockByNumber
net_version
eth_getBlockByNumber
eth_estimateGas
eth_getBlockByNumber
eth_getBlockByNumber
eth_getBlockByNumber
eth_getBlockByNumber
net_version
eth_blockNumber
eth_getBlockByNumber
eth_getBlockByNumber
eth_getBlockByNumber
eth_getBlockByNumber
eth_getBlockByNumber
eth_estimateGas
eth_getBlockByNumber
eth_getBlockByNumber
eth_gasPrice
eth_getBlockByNumber
eth_getBlockByNumber
eth_sendTransaction
eth_getBlockByNumber
eth_getBlockByNumber

  Transaction: 0x23beae326bd203d98ea80f914d12cd62aff11ead126d110c89c7546dd3059024
  Contract created: 0x312d87e09e987efd8e977e4f9382a67981f95518
  Gas usage: 795722
  Block Number: 32
  Block Time: Thu May 04 2023 03:07:20 GMT+0800 (中国标准时间)

eth_getTransactionReceipt
eth_getBlockByNumber
eth_getBlockByNumber
eth_getCode
eth_getBlockByNumber
net_version
eth_getBlockByNumber
eth_getBlockByNumber
eth_getBlockByNumber
eth_getBlockByNumber
net_version
eth_getBlockByNumber
eth_estimateGas
eth_getBlockByNumber
eth_getBlockByNumber
eth_getBlockByNumber
eth_getBlockByNumber
net_version
eth_blockNumber
eth_getBlockByNumber
eth_getBlockByNumber
eth_getBlockByNumber
eth_getBlockByNumber
eth_getBlockByNumber
eth_getBlockByNumber
eth_estimateGas
eth_getBlockByNumber
eth_getBlockByNumber
eth_getBlockByNumber
eth_getBlockByNumber
eth_gasPrice
eth_getBlockByNumber
eth_getBlockByNumber
eth_sendTransaction
eth_getBlockByNumber
eth_getBlockByNumber

  Transaction: 0xeb48948d4f55218183537bd6c2c2138619682f582e6b895419b76d3a254b9a6d
  Contract created: 0x6d2c9427d78221c908fd87afdfe91bc3516a8583
  Gas usage: 95970
  Block Number: 33
  Block Time: Thu May 04 2023 03:07:20 GMT+0800 (中国标准时间)

eth_getTransactionReceipt
eth_getBlockByNumber
eth_getBlockByNumber
eth_getCode
net_version
eth_getBlockByNumber
eth_getBlockByNumber
eth_getBlockByNumber
net_version
eth_getBlockByNumber
eth_getBlockByNumber
eth_estimateGas
eth_getBlockByNumber
eth_getBlockByNumber
net_version
eth_blockNumber
eth_getBlockByNumber
eth_getBlockByNumber
eth_getBlockByNumber
eth_getBlockByNumber
eth_getBlockByNumber
eth_estimateGas
eth_getBlockByNumber
eth_getBlockByNumber
eth_getBlockByNumber
eth_getBlockByNumber
eth_gasPrice
eth_getBlockByNumber
eth_getBlockByNumber
eth_getBlockByNumber
eth_getBlockByNumber
eth_getBlockByNumber
eth_sendTransaction
eth_getBlockByNumber
eth_getBlockByNumber
eth_getBlockByNumber
eth_getBlockByNumber

  Transaction: 0x318d5fcab6a0a7aa912275f024814176dfbcac6ad2f79278e7e8e35093ff8dec
  Contract created: 0x4a01ebd2fb9d594d25134a8d5000cafb9b16c6db
  Gas usage: 72205
  Block Number: 34
  Block Time: Thu May 04 2023 03:07:21 GMT+0800 (中国标准时间)

eth_getTransactionReceipt
eth_getBlockByNumber
eth_getCode
eth_getBlockByNumber
eth_getBlockByNumber
eth_getBlockByNumber
eth_blockNumber
eth_getBlockByNumber
eth_getBalance
eth_getBalance
eth_getBalance
eth_getBalance
eth_blockNumber
eth_blockNumber
eth_blockNumber
eth_blockNumber
eth_blockNumber
eth_blockNumber
eth_blockNumber
net_version
eth_accounts
eth_blockNumber
net_version
eth_accounts
eth_getBlockByNumber
eth_accounts
net_version
eth_getBlockByNumber
eth_getBlockByNumber
net_version
eth_getBlockByNumber
eth_estimateGas
net_version
eth_blockNumber
eth_getBlockByNumber
eth_estimateGas
eth_getBlockByNumber
eth_gasPrice
eth_sendTransaction

  Transaction: 0x52f404ff4de59265ec35bbc22e4a205462e1b79b88310a42262dabfb9a3e33b7
  Contract created: 0x7d6cdc02077c7813982aebeaed19c24e2ae65490
  Gas usage: 635667
  Block Number: 35
  Block Time: Thu May 04 2023 03:09:23 GMT+0800 (中国标准时间)

eth_getTransactionReceipt
eth_getCode
eth_getBlockByNumber
eth_accounts
eth_getBlockByNumber
eth_getBlockByNumber
eth_getBlockByNumber
eth_estimateGas
eth_getBlockByNumber
eth_blockNumber
eth_estimateGas
eth_getBlockByNumber
eth_gasPrice
eth_sendTransaction

  Transaction: 0x63146009bf6990a0d2742b4459a4499e6e81c917a09b157e40b8fd2c8ca62c8b
  Contract created: 0xef738e40c6667456a388668f39e0546e5a6457ac
  Gas usage: 635667
  Block Number: 36
  Block Time: Thu May 04 2023 03:09:24 GMT+0800 (中国标准时间)

eth_getTransactionReceipt
eth_getCode
evm_snapshot
eth_getBlockByNumber
eth_getBlockByNumber
Saved snapshot #3
eth_getBlockByNumber
net_version
eth_getBlockByNumber
eth_getBlockByNumber
eth_getBlockByNumber
net_version
eth_getBlockByNumber
eth_estimateGas
net_version
eth_blockNumber
eth_getBlockByNumber
eth_estimateGas
eth_getBlockByNumber
eth_gasPrice
eth_sendTransaction

  Transaction: 0x3e3e51142aac962f540646bd90d9b2ab9d4e7505b2401f659247bcd4e46fc3e4
  Contract created: 0x55388c479bcc15ef58c532e139ce6720fa835d42
  Gas usage: 72217
  Block Number: 37
  Block Time: Thu May 04 2023 03:09:29 GMT+0800 (中国标准时间)

eth_getTransactionReceipt
eth_getCode
eth_getBlockByNumber
eth_getBlockByNumber
net_version
eth_getBlockByNumber
eth_getBlockByNumber
eth_getBlockByNumber
eth_getBlockByNumber
net_version
eth_getBlockByNumber
eth_estimateGas
net_version
eth_blockNumber
eth_getBlockByNumber
eth_estimateGas
eth_blockNumber
eth_getBlockByNumber
eth_gasPrice
eth_getBlockByNumber
eth_sendTransaction
eth_getBalance
eth_getBalance
eth_getBalance
eth_getBalance

  Transaction: 0xce59fca5cbfd18bc5325397c5849452e02499cab442924e8384ff4a1060902a5
  Contract created: 0xe7f1f6b252b76e95274a3259a663ea75f7a449e6
  Gas usage: 262175
  Block Number: 38
  Block Time: Thu May 04 2023 03:09:30 GMT+0800 (中国标准时间)

eth_getTransactionReceipt
eth_getCode
net_version
eth_getBlockByNumber
eth_getBlockByNumber
net_version
eth_getBlockByNumber
eth_estimateGas
net_version
eth_blockNumber
eth_getBlockByNumber
eth_estimateGas
eth_getBlockByNumber
eth_gasPrice
eth_sendTransaction

  Transaction: 0x4b2ed3bd8f7e3e4ea8f575cef8a0363bb189e9399175ce0d34fc59010d386e82
  Contract created: 0x3ca8a4c3e84721b680e289c028b3254e52df52b1
  Gas usage: 809127
  Block Number: 39
  Block Time: Thu May 04 2023 03:09:30 GMT+0800 (中国标准时间)

eth_getTransactionReceipt
eth_getCode
eth_getBlockByNumber
net_version
eth_getBlockByNumber
eth_getBlockByNumber
eth_getBlockByNumber
eth_getBlockByNumber
eth_getBlockByNumber
net_version
eth_getBlockByNumber
eth_getBlockByNumber
eth_getBlockByNumber
eth_estimateGas
net_version
eth_blockNumber
eth_getBlockByNumber
eth_estimateGas
eth_getBlockByNumber
eth_gasPrice
eth_sendTransaction
eth_getBlockByNumber

  Transaction: 0x52789b845431c7c4d5185b7310184168ea9c09dc6469bf3a5410b48836c21d7b
  Contract created: 0x904fdc8e4f619fbdff86c3c9c8958917323291b4
  Gas usage: 260216
  Block Number: 40
  Block Time: Thu May 04 2023 03:09:31 GMT+0800 (中国标准时间)

eth_getTransactionReceipt
eth_getBlockByNumber
eth_getCode
net_version
eth_getBlockByNumber
eth_getBlockByNumber
net_version
eth_getBlockByNumber
eth_estimateGas
net_version
eth_blockNumber
eth_getBlockByNumber
eth_estimateGas
eth_getBlockByNumber
eth_getBlockByNumber
eth_getBlockByNumber
eth_gasPrice
eth_getBlockByNumber
eth_getBlockByNumber
eth_getBlockByNumber
eth_getBlockByNumber
eth_sendTransaction
eth_getBlockByNumber
eth_getBlockByNumber

  Transaction: 0xef514f3f01272ca98940f68e98270dc3bb50d74621c4bb141bd8b3309053e169
  Contract created: 0x86079721dc8ed2e179d29d521a6cbd7e14bdc69f
  Gas usage: 674195
  Block Number: 41
  Block Time: Thu May 04 2023 03:09:31 GMT+0800 (中国标准时间)

eth_getTransactionReceipt
eth_getCode
net_version
eth_getBlockByNumber
eth_getBlockByNumber
net_version
eth_getBlockByNumber
eth_estimateGas
net_version
eth_blockNumber
eth_getBlockByNumber
eth_estimateGas
eth_getBlockByNumber
eth_getBlockByNumber
eth_getBlockByNumber
eth_gasPrice
eth_getBlockByNumber
eth_getBlockByNumber
eth_sendTransaction

  Transaction: 0x7d2b58d73a3d2c5c743b9a5d428e1cdd18813cdc00473fe9831c81ebec503fbc
  Contract created: 0xadac4906a83d8fe1c2cd818954f6cb9af0bd8fe4
  Gas usage: 242477
  Block Number: 42
  Block Time: Thu May 04 2023 03:09:32 GMT+0800 (中国标准时间)

eth_getTransactionReceipt
eth_getCode
net_version
eth_getBlockByNumber
eth_getBlockByNumber
net_version
eth_getBlockByNumber
eth_estimateGas
eth_getBlockByNumber
eth_getBlockByNumber
eth_getBlockByNumber
eth_getBlockByNumber
net_version
eth_blockNumber
eth_getBlockByNumber
eth_getBlockByNumber
eth_getBlockByNumber
eth_getBlockByNumber
eth_getBlockByNumber
eth_estimateGas
eth_getBlockByNumber
eth_getBlockByNumber
eth_gasPrice
eth_getBlockByNumber
eth_sendTransaction

  Transaction: 0x090e85d67f6fb25ab5cca52c0d0ccdc6b472dd488f0688ded3b9a5049a5a8424
  Contract created: 0xbca48f34969e61e5a95b2e8e918b3ba9ee7401d1
  Gas usage: 795698
  Block Number: 43
  Block Time: Thu May 04 2023 03:09:33 GMT+0800 (中国标准时间)

eth_getTransactionReceipt
eth_getCode
net_version
eth_getBlockByNumber
eth_getBlockByNumber
eth_getBlockByNumber
net_version
eth_getBlockByNumber
eth_getBlockByNumber
eth_estimateGas
eth_getBlockByNumber
net_version
eth_blockNumber
eth_getBlockByNumber
eth_getBlockByNumber
eth_estimateGas
eth_getBlockByNumber
eth_getBlockByNumber
eth_gasPrice
eth_getBlockByNumber
eth_sendTransaction

  Transaction: 0xf7385dd73642aaf08e129883f838ba0601cd7092cf77e34e1bb1c2372d8771cb
  Contract created: 0x7910b2f1c716319dde29710fd69029570cc853c1
  Gas usage: 181246
  Block Number: 44
  Block Time: Thu May 04 2023 03:09:33 GMT+0800 (中国标准时间)

eth_getTransactionReceipt
eth_getCode
net_version
eth_getBlockByNumber
eth_getBlockByNumber
eth_getBlockByNumber
eth_getBlockByNumber
eth_getBlockByNumber
eth_getBlockByNumber
eth_getBlockByNumber
eth_getBlockByNumber
net_version
eth_getBlockByNumber
eth_getBlockByNumber
eth_getBlockByNumber
eth_estimateGas
eth_getBlockByNumber
net_version
eth_blockNumber
eth_getBlockByNumber
eth_getBlockByNumber
eth_estimateGas
eth_blockNumber
eth_getBlockByNumber
eth_gasPrice
eth_sendTransaction
eth_getBlockByNumber

  Transaction: 0x270f57ebab055e393b9abb72d1ececac801a133b64229076be06e4d3004b6ed5
  Contract created: 0x4e0dcdf56386465bfdb7a294c95d470808800d69
  Gas usage: 928433
  Block Number: 45
  Block Time: Thu May 04 2023 03:09:34 GMT+0800 (中国标准时间)

eth_getTransactionReceipt
eth_getBlockByNumber
eth_getBlockByNumber
eth_getCode
eth_getBlockByNumber
net_version
eth_getBlockByNumber
eth_getBlockByNumber
eth_getBlockByNumber
eth_getBlockByNumber
net_version
eth_getBlockByNumber
eth_estimateGas
eth_getBlockByNumber
net_version
eth_blockNumber
eth_getBlockByNumber
eth_getBlockByNumber
eth_estimateGas
eth_getBlockByNumber
eth_getBlockByNumber
eth_gasPrice
eth_getBlockByNumber
eth_getBlockByNumber
eth_getBlockByNumber
eth_sendTransaction
eth_getBlockByNumber
eth_getBlockByNumber
eth_getBlockByNumber
eth_getBlockByNumber

  Transaction: 0xb62e6385d27af55111e588659251db0774695fc482846db9e8466e363e52cee6
  Contract created: 0xf1f9141e6a7b1b62124d43311a91c3871564263d
  Gas usage: 795722
  Block Number: 46
  Block Time: Thu May 04 2023 03:09:34 GMT+0800 (中国标准时间)

eth_getTransactionReceipt
eth_getBlockByNumber
eth_getBlockByNumber
eth_getBlockByNumber
eth_getCode
eth_getBlockByNumber
net_version
eth_getBlockByNumber
eth_getBlockByNumber
net_version
eth_getBlockByNumber
eth_estimateGas
net_version
eth_blockNumber
eth_getBlockByNumber
eth_estimateGas
eth_getBlockByNumber
eth_getBlockByNumber
eth_getBlockByNumber
eth_getBlockByNumber
eth_getBlockByNumber
eth_gasPrice
eth_getBlockByNumber
eth_getBlockByNumber
eth_getBlockByNumber
eth_getBlockByNumber
eth_sendTransaction
eth_getBlockByNumber

  Transaction: 0x1195366c5cfdf5d932a764c8f63fbceb2f1dc293ad07e5da9fa8b32eaca9d9b2
  Contract created: 0x81b0ee93246bcc5d1a8e6df467d27a901070d29a
  Gas usage: 750873
  Block Number: 47
  Block Time: Thu May 04 2023 03:09:35 GMT+0800 (中国标准时间)

eth_getTransactionReceipt
eth_getBlockByNumber
eth_getCode
net_version
eth_getBlockByNumber
eth_getBlockByNumber
net_version
eth_getBlockByNumber
eth_estimateGas
eth_getBlockByNumber
eth_getBlockByNumber
eth_getBlockByNumber
eth_getBlockByNumber
eth_getBlockByNumber
net_version
eth_blockNumber
eth_getBlockByNumber
eth_getBlockByNumber
eth_getBlockByNumber
eth_getBlockByNumber
eth_getBlockByNumber
eth_getBlockByNumber
eth_getBlockByNumber
eth_getBlockByNumber
eth_estimateGas
eth_getBlockByNumber
eth_getBlockByNumber
eth_getBlockByNumber
eth_gasPrice
eth_sendTransaction

  Transaction: 0x8396e21781700bd96df2989fbcff0a74a143ee3c2c14028e267e31568fbd7792
  Contract created: 0x9c0f83f412705da4adc6c0d98230d6db1f338b2f
  Gas usage: 884594
  Block Number: 48
  Block Time: Thu May 04 2023 03:09:36 GMT+0800 (中国标准时间)

eth_getTransactionReceipt
eth_getCode
eth_getBlockByNumber
net_version
eth_getBlockByNumber
eth_getBlockByNumber
eth_getBlockByNumber
eth_getBlockByNumber
eth_getBlockByNumber
eth_getBlockByNumber
eth_getBlockByNumber
net_version
eth_getBlockByNumber
eth_getBlockByNumber
eth_getBlockByNumber
eth_estimateGas
net_version
eth_blockNumber
eth_getBlockByNumber
eth_getBlockByNumber
eth_estimateGas
eth_getBlockByNumber
eth_getBlockByNumber
eth_getBlockByNumber
eth_gasPrice
eth_getBlockByNumber
eth_sendTransaction
eth_getBlockByNumber
eth_getBlockByNumber
eth_getBlockByNumber
eth_getBlockByNumber
eth_getBlockByNumber

  Transaction: 0x63ad7c831dff8d4c7dca307c5dee94480812ccad287b62aaf592a38f7c15187b
  Contract created: 0x2c411f3e9cce2e2e59355b5e93f81d1b34c5e891
  Gas usage: 795722
  Block Number: 49
  Block Time: Thu May 04 2023 03:09:36 GMT+0800 (中国标准时间)

eth_getTransactionReceipt
eth_getBlockByNumber
eth_getBlockByNumber
eth_getBlockByNumber
eth_getBlockByNumber
eth_getBlockByNumber
eth_getCode
eth_getBlockByNumber
eth_getBlockByNumber
net_version
eth_getBlockByNumber
eth_getBlockByNumber
eth_getBlockByNumber
eth_getBlockByNumber
net_version
eth_getBlockByNumber
eth_estimateGas
net_version
eth_blockNumber
eth_getBlockByNumber
eth_estimateGas
eth_getBlockByNumber
eth_getBlockByNumber
eth_getBlockByNumber
eth_getBlockByNumber
eth_getBlockByNumber
eth_getBlockByNumber
eth_gasPrice
eth_getBlockByNumber
eth_getBlockByNumber
eth_getBlockByNumber
eth_getBlockByNumber
eth_getBlockByNumber
eth_sendTransaction
eth_getBlockByNumber

  Transaction: 0x22eb0e090eddad85954d598b56b29b3e7df79ea6f5bcea017cfd4c2def553ab1
  Contract created: 0x54ed9e14c2ef6c94edce6ae1e6a13c4a4c918033
  Gas usage: 95970
  Block Number: 50
  Block Time: Thu May 04 2023 03:09:37 GMT+0800 (中国标准时间)

eth_getTransactionReceipt
eth_getBlockByNumber
eth_getBlockByNumber
eth_getCode
eth_getBlockByNumber
net_version
eth_getBlockByNumber
eth_getBlockByNumber
net_version
eth_getBlockByNumber
eth_estimateGas
eth_getBlockByNumber
eth_getBlockByNumber
eth_getBlockByNumber
eth_getBlockByNumber
eth_getBlockByNumber
net_version
eth_blockNumber
eth_getBlockByNumber
eth_getBlockByNumber
eth_getBlockByNumber
eth_getBlockByNumber
eth_getBlockByNumber
eth_getBlockByNumber
eth_getBlockByNumber
eth_getBlockByNumber
eth_getBlockByNumber
eth_estimateGas
eth_getBlockByNumber
eth_getBlockByNumber
eth_getBlockByNumber
eth_getBlockByNumber
eth_gasPrice
eth_sendTransaction
eth_getBlockByNumber

  Transaction: 0x3d83bb200a7367dcf31aadeebe8d1b724ecffeac882129b3f89c51b7e7c1f0e4
  Contract created: 0x4ab40a6ecdf784f152c2cbaebe0995396ece560f
  Gas usage: 72205
  Block Number: 51
  Block Time: Thu May 04 2023 03:09:38 GMT+0800 (中国标准时间)

eth_getBlockByNumber
eth_getTransactionReceipt
eth_getBlockByNumber
eth_getBlockByNumber
eth_getCode
eth_getBlockByNumber
eth_getBlockByNumber
eth_getBlockByNumber
eth_getBlockByNumber
eth_getBlockByNumber
eth_blockNumber
eth_getBlockByNumber
eth_getBalance
eth_getBalance
eth_getBalance
eth_getBalance
eth_blockNumber
eth_blockNumber
eth_blockNumber
eth_blockNumber
eth_blockNumber
eth_blockNumber
eth_blockNumber
net_version
eth_accounts
eth_blockNumber
net_version
eth_accounts
eth_getBlockByNumber
eth_accounts
net_version
eth_getBlockByNumber
eth_getBlockByNumber
net_version
eth_getBlockByNumber
eth_estimateGas
net_version
eth_blockNumber
eth_getBlockByNumber
eth_estimateGas
eth_getBlockByNumber
eth_gasPrice
eth_sendTransaction

  Transaction: 0xdb98079289bfca25833a06760b2755e75a836e8cffa805500e0d7406dbcd8848
  Contract created: 0x7242aee814d2d3a017f60c75d57d07cee1a24577
  Gas usage: 635667
  Block Number: 52
  Block Time: Thu May 04 2023 03:11:46 GMT+0800 (中国标准时间)

eth_getTransactionReceipt
eth_getCode
eth_getBlockByNumber
eth_accounts
eth_getBlockByNumber
eth_getBlockByNumber
eth_getBlockByNumber
eth_estimateGas
eth_getBlockByNumber
eth_blockNumber
eth_estimateGas
eth_getBlockByNumber
eth_gasPrice
eth_sendTransaction

  Transaction: 0x8ce80f22a8cbfd020d51d5dce7f07550b4855dcbc86736856d2b735f502d9ff8
  Contract created: 0x28e90dd42fd851ba51a1f79df71af45c3ed2ef5b
  Gas usage: 635667
  Block Number: 53
  Block Time: Thu May 04 2023 03:11:47 GMT+0800 (中国标准时间)

eth_getTransactionReceipt
eth_getCode
eth_blockNumber
eth_getBlockByNumber
eth_getBalance
eth_getBalance
eth_getBalance
eth_getBalance
evm_snapshot
eth_getBlockByNumber
eth_getBlockByNumber
Saved snapshot #4
eth_getBlockByNumber
net_version
eth_getBlockByNumber
eth_getBlockByNumber
eth_getBlockByNumber
net_version
eth_getBlockByNumber
eth_estimateGas
net_version
eth_blockNumber
eth_getBlockByNumber
eth_estimateGas
eth_getBlockByNumber
eth_gasPrice
eth_sendTransaction

  Transaction: 0xcedb7767c2a0e1c7bf25ebc4c80d8b5ed1906e900575d930314731c001c1e42e
  Contract created: 0xf2f3c91af1de4a93896a3ae8d530637341bab016
  Gas usage: 72217
  Block Number: 54
  Block Time: Thu May 04 2023 03:11:52 GMT+0800 (中国标准时间)

eth_getTransactionReceipt
eth_getCode
net_version
eth_getBlockByNumber
eth_getBlockByNumber
net_version
eth_getBlockByNumber
eth_getBlockByNumber
eth_getBlockByNumber
eth_estimateGas
eth_getBlockByNumber
eth_getBlockByNumber
net_version
eth_blockNumber
eth_getBlockByNumber
eth_estimateGas
eth_getBlockByNumber
eth_gasPrice
eth_sendTransaction

  Transaction: 0xc24bb52307cc75fb72df7677fdb7d1fff1c74e3bce3c59ccbe5c76e04a0ae1f9
  Contract created: 0x5d426a5d3018e987d693e7b4cb54eb4672a8d5c0
  Gas usage: 262175
  Block Number: 55
  Block Time: Thu May 04 2023 03:11:52 GMT+0800 (中国标准时间)

eth_getTransactionReceipt
eth_getCode
net_version
eth_getBlockByNumber
eth_getBlockByNumber
net_version
eth_getBlockByNumber
eth_estimateGas
net_version
eth_blockNumber
eth_getBlockByNumber
eth_estimateGas
eth_getBlockByNumber
eth_gasPrice
eth_sendTransaction
eth_getBlockByNumber
eth_getBlockByNumber
eth_getBlockByNumber

  Transaction: 0x1cf8b5ee043ca4eefd337936cef746de2f68e8a4bccbd089c714d1a0fe10d680
  Contract created: 0xf094259b36fd13bcfc6b75e9f43a9387a4074504
  Gas usage: 809127
  Block Number: 56
  Block Time: Thu May 04 2023 03:11:53 GMT+0800 (中国标准时间)

eth_getTransactionReceipt
eth_getBlockByNumber
eth_getBlockByNumber
eth_getBlockByNumber
eth_getCode
net_version
eth_getBlockByNumber
eth_getBlockByNumber
net_version
eth_getBlockByNumber
eth_estimateGas
net_version
eth_blockNumber
eth_getBlockByNumber
eth_estimateGas
eth_getBlockByNumber
eth_gasPrice
eth_sendTransaction

  Transaction: 0xe9063d78eebee59634d27f554af13ee23cd2f6d54213de09826c9c78deae9725
  Contract created: 0x62fad39ea2b458a8bf24dffcfa68ebd2e7526b2b
  Gas usage: 260216
  Block Number: 57
  Block Time: Thu May 04 2023 03:11:53 GMT+0800 (中国标准时间)

eth_getTransactionReceipt
eth_getCode
eth_getBlockByNumber
net_version
eth_getBlockByNumber
eth_getBlockByNumber
eth_getBlockByNumber
net_version
eth_getBlockByNumber
eth_estimateGas
net_version
eth_blockNumber
eth_getBlockByNumber
eth_estimateGas
eth_getBlockByNumber
eth_getBlockByNumber
eth_getBlockByNumber
eth_getBlockByNumber
eth_getBlockByNumber
eth_gasPrice
eth_getBlockByNumber
eth_getBlockByNumber
eth_getBlockByNumber
eth_getBlockByNumber
eth_sendTransaction

  Transaction: 0xb7b4217120814c5a3aead491f368831553cd13a46a16e9301104f251149bb234
  Contract created: 0x6dcc167897d9551078d6ff9def79398d2271ea13
  Gas usage: 674195
  Block Number: 58
  Block Time: Thu May 04 2023 03:11:54 GMT+0800 (中国标准时间)

eth_getTransactionReceipt
eth_getCode
net_version
eth_getBlockByNumber
eth_getBlockByNumber
net_version
eth_getBlockByNumber
eth_estimateGas
net_version
eth_blockNumber
eth_getBlockByNumber
eth_estimateGas
eth_getBlockByNumber
eth_getBlockByNumber
eth_getBlockByNumber
eth_gasPrice
eth_getBlockByNumber
eth_getBlockByNumber
eth_sendTransaction

  Transaction: 0xfda5361fc81e3d06fb9076fb9a2045dd3949bfe0b2fa324224da6c264485f280
  Contract created: 0x9a2874b47dff688c5223fa61f4c126b3b07f5cb1
  Gas usage: 242477
  Block Number: 59
  Block Time: Thu May 04 2023 03:11:54 GMT+0800 (中国标准时间)

eth_getTransactionReceipt
eth_getCode
net_version
eth_getBlockByNumber
eth_getBlockByNumber
net_version
eth_getBlockByNumber
eth_estimateGas
eth_getBlockByNumber
net_version
eth_blockNumber
eth_getBlockByNumber
eth_getBlockByNumber
eth_getBlockByNumber
eth_getBlockByNumber
eth_getBlockByNumber
eth_getBlockByNumber
eth_getBlockByNumber
eth_estimateGas
eth_getBlockByNumber
eth_getBlockByNumber
eth_gasPrice
eth_getBlockByNumber
eth_sendTransaction
eth_getBlockByNumber

  Transaction: 0x97b76241107885007d98f0c28c254ffa8e4efd02a6e76203335538ba571a9609
  Contract created: 0x5fddefb9a929c6d6ca50ee7215bd0de512c6a36e
  Gas usage: 795698
  Block Number: 60
  Block Time: Thu May 04 2023 03:11:55 GMT+0800 (中国标准时间)

eth_getTransactionReceipt
eth_getCode
net_version
eth_getBlockByNumber
eth_getBlockByNumber
net_version
eth_getBlockByNumber
eth_estimateGas
eth_getBlockByNumber
eth_getBlockByNumber
net_version
eth_blockNumber
eth_getBlockByNumber
eth_getBlockByNumber
eth_getBlockByNumber
eth_estimateGas
eth_getBlockByNumber
eth_getBlockByNumber
eth_gasPrice
eth_getBlockByNumber
eth_sendTransaction
eth_getBlockByNumber

  Transaction: 0x028c9748b8ae8f7cecd38d6fc12068a4f841a58c9b50a50695d63d912471c9ca
  Contract created: 0x21195f6e65f99d742c0add62be1c9332d4f4c3dc
  Gas usage: 181246
  Block Number: 61
  Block Time: Thu May 04 2023 03:11:56 GMT+0800 (中国标准时间)

eth_getTransactionReceipt
eth_getBlockByNumber
eth_getCode
net_version
eth_getBlockByNumber
eth_getBlockByNumber
eth_getBlockByNumber
eth_getBlockByNumber
eth_getBlockByNumber
eth_getBlockByNumber
eth_getBlockByNumber
net_version
eth_getBlockByNumber
eth_getBlockByNumber
eth_estimateGas
eth_getBlockByNumber
net_version
eth_blockNumber
eth_getBlockByNumber
eth_getBlockByNumber
eth_estimateGas
eth_getBlockByNumber
eth_getBlockByNumber
eth_gasPrice
eth_getBlockByNumber
eth_sendTransaction
eth_getBlockByNumber
eth_getBlockByNumber

  Transaction: 0x3719cb383ba7b2088066b3fddd520d2f78b3b315f4f28c6e0e3affb0d18841d0
  Contract created: 0x577944e951cc81d3b9bd6e2d705f5d32dd3b02f7
  Gas usage: 928433
  Block Number: 62
  Block Time: Thu May 04 2023 03:11:56 GMT+0800 (中国标准时间)

eth_getTransactionReceipt
eth_getBlockByNumber
eth_getBlockByNumber
eth_getCode
net_version
eth_getBlockByNumber
eth_getBlockByNumber
net_version
eth_getBlockByNumber
eth_estimateGas
eth_getBlockByNumber
net_version
eth_blockNumber
eth_getBlockByNumber
eth_getBlockByNumber
eth_estimateGas
eth_getBlockByNumber
eth_getBlockByNumber
eth_getBlockByNumber
eth_getBlockByNumber
eth_getBlockByNumber
eth_getBlockByNumber
eth_gasPrice
eth_getBlockByNumber
eth_getBlockByNumber
eth_getBlockByNumber
eth_getBlockByNumber
eth_getBlockByNumber
eth_sendTransaction
eth_getBlockByNumber

  Transaction: 0xaad85098623d03ade18ab820581fd712ef1772cb39223e807f60756efb15b60a
  Contract created: 0x4b4b4e981ad3a7239b1d12865e7c29713507e558
  Gas usage: 795722
  Block Number: 63
  Block Time: Thu May 04 2023 03:11:57 GMT+0800 (中国标准时间)

eth_getTransactionReceipt
eth_getBlockByNumber
eth_getCode
net_version
eth_getBlockByNumber
eth_getBlockByNumber
net_version
eth_getBlockByNumber
eth_estimateGas
eth_getBlockByNumber
net_version
eth_blockNumber
eth_getBlockByNumber
eth_getBlockByNumber
eth_estimateGas
eth_getBlockByNumber
eth_getBlockByNumber
eth_getBlockByNumber
eth_gasPrice
eth_getBlockByNumber
eth_getBlockByNumber
eth_getBlockByNumber
eth_sendTransaction
eth_getBlockByNumber
eth_blockNumber
eth_getBlockByNumber

  Transaction: 0x37e43d9db596cbd75240706d0152281db195ec0e105022c765fbbfa3ce060b96
  Contract created: 0xbe701ae6cdb4a2c3c3706e0f9b44d886b04eac33
  Gas usage: 750873
  Block Number: 64
  Block Time: Thu May 04 2023 03:11:57 GMT+0800 (中国标准时间)

eth_getTransactionReceipt
eth_getBlockByNumber
eth_getCode
net_version
eth_getBlockByNumber
eth_getBlockByNumber
net_version
eth_getBlockByNumber
eth_estimateGas
eth_getBlockByNumber
eth_getBlockByNumber
eth_getBlockByNumber
eth_getBlockByNumber
eth_getBlockByNumber
net_version
eth_blockNumber
eth_getBlockByNumber
eth_getBlockByNumber
eth_getBlockByNumber
eth_getBlockByNumber
eth_getBlockByNumber
eth_getBlockByNumber
eth_estimateGas
eth_getBlockByNumber
eth_getBlockByNumber
eth_getBlockByNumber
eth_gasPrice
eth_getBlockByNumber
eth_getBlockByNumber
eth_sendTransaction
eth_getBlockByNumber

  Transaction: 0x919ffd0c4f52da5beea5c918751d6846e7b263ec9db9042b3915ba6ca19ffe8f
  Contract created: 0xbc19b9ad2f6935c0aeb846c4bb4956f9def7a6fa
  Gas usage: 884594
  Block Number: 65
  Block Time: Thu May 04 2023 03:11:58 GMT+0800 (中国标准时间)

eth_getTransactionReceipt
eth_getBlockByNumber
eth_getCode
net_version
eth_getBlockByNumber
eth_getBlockByNumber
net_version
eth_getBlockByNumber
eth_getBlockByNumber
eth_getBlockByNumber
eth_estimateGas
eth_getBlockByNumber
eth_getBlockByNumber
net_version
eth_blockNumber
eth_getBlockByNumber
eth_getBlockByNumber
eth_getBlockByNumber
eth_estimateGas
eth_getBlockByNumber
eth_getBlockByNumber
eth_getBlockByNumber
eth_gasPrice
eth_getBlockByNumber
eth_getBlockByNumber
eth_sendTransaction
eth_getBlockByNumber
eth_getBlockByNumber
eth_getBlockByNumber
eth_getBlockByNumber
eth_getBlockByNumber

  Transaction: 0x5e2f808575963783f49bfafa6c4dec509a937ddef47c77ae628b66dd71828067
  Contract created: 0xcc2b60501fe9cabcf64146c7f0f4b1d439e7b7e3
  Gas usage: 795722
  Block Number: 66
  Block Time: Thu May 04 2023 03:11:59 GMT+0800 (中国标准时间)

eth_getTransactionReceipt
eth_getBlockByNumber
eth_getBlockByNumber
eth_getBlockByNumber
eth_getBlockByNumber
eth_getBlockByNumber
eth_getCode
net_version
eth_getBlockByNumber
eth_getBlockByNumber
net_version
eth_getBlockByNumber
eth_estimateGas
eth_getBlockByNumber
eth_getBlockByNumber
eth_getBlockByNumber
net_version
eth_blockNumber
eth_getBlockByNumber
eth_getBlockByNumber
eth_getBlockByNumber
eth_getBlockByNumber
eth_estimateGas
eth_getBlockByNumber
eth_getBlockByNumber
eth_getBlockByNumber
eth_getBlockByNumber
eth_getBlockByNumber
eth_gasPrice
eth_getBlockByNumber
eth_getBlockByNumber
eth_getBlockByNumber
eth_getBlockByNumber
eth_sendTransaction
eth_getBlockByNumber
eth_getBlockByNumber

  Transaction: 0x597e79899c34ebfd45cd015f294a94e1d25530765d2882baefcf85df560ab0f9
  Contract created: 0xf8034d3a8578625a4ea3a46f363ddf340a9494f2
  Gas usage: 95970
  Block Number: 67
  Block Time: Thu May 04 2023 03:12:00 GMT+0800 (中国标准时间)

eth_getTransactionReceipt
eth_getBlockByNumber
eth_getBlockByNumber
eth_getCode
net_version
eth_getBlockByNumber
eth_getBlockByNumber
eth_getBlockByNumber
eth_getBlockByNumber
net_version
eth_getBlockByNumber
eth_getBlockByNumber
eth_getBlockByNumber
eth_estimateGas
eth_getBlockByNumber
eth_getBlockByNumber
eth_getBlockByNumber
eth_getBlockByNumber
net_version
eth_blockNumber
eth_getBlockByNumber
eth_getBlockByNumber
eth_getBlockByNumber
eth_getBlockByNumber
eth_getBlockByNumber
eth_estimateGas
eth_getBlockByNumber
eth_getBlockByNumber
eth_getBlockByNumber
eth_gasPrice
eth_getBlockByNumber
eth_getBlockByNumber
eth_sendTransaction
eth_getBlockByNumber

  Transaction: 0xec58b5e8eba426f1d5c1a1da1ab004a99c680dcfaf4cc72fa5cd83adcd9de7d6
  Contract created: 0x4114d04e2811fdebb3d9390826213ec3edfc1472
  Gas usage: 72205
  Block Number: 68
  Block Time: Thu May 04 2023 03:12:00 GMT+0800 (中国标准时间)

eth_getTransactionReceipt
eth_getBlockByNumber
eth_getCode
eth_getBlockByNumber
eth_getBlockByNumber
eth_getBlockByNumber
eth_getBlockByNumber
eth_getBlockByNumber
eth_blockNumber
eth_getBlockByNumber
eth_getBalance
eth_getBalance
eth_getBalance
eth_getBalance
eth_blockNumber
eth_blockNumber
eth_blockNumber
eth_blockNumber
eth_blockNumber
eth_blockNumber
eth_blockNumber
eth_blockNumber
eth_blockNumber
eth_blockNumber
eth_blockNumber
eth_blockNumber
eth_blockNumber
eth_blockNumber
eth_blockNumber
eth_blockNumber
eth_blockNumber
eth_blockNumber
eth_blockNumber
eth_blockNumber
eth_blockNumber
eth_blockNumber
eth_blockNumber
eth_blockNumber
eth_blockNumber
eth_blockNumber
eth_blockNumber
eth_blockNumber